Using pre-set license
Built from '2021.3/staging' branch; Version is '2021.3.29f1 (204d6dc9ae1c) revision 2116973'; Using compiler version '192829333'; Build Type 'Release'
OS: 'Windows 11  (10.0.22621) 64bit Core' Language: 'en' Physical Memory: 7914 MB
BatchMode: 1, IsHumanControllingUs: 0, StartBugReporterOnCrash: 0, Is64bit: 1, IsPro: 1

COMMAND LINE ARGUMENTS:
C:\Program Files\Unity\Hub\Editor\2021.3.29f1\Editor\Unity.exe
-adb2
-batchMode
-noUpm
-name
AssetImportWorker1
-projectPath
C:/Users/JUAN FELIPE/Desktop/CursoVR4/Clase1Prog/Prototipo/LevelPrototype
-logFile
Logs/AssetImportWorker1.log
-srvPort
62777
Successfully changed project path to: C:/Users/JUAN FELIPE/Desktop/CursoVR4/Clase1Prog/Prototipo/LevelPrototype
C:/Users/JUAN FELIPE/Desktop/CursoVR4/Clase1Prog/Prototipo/LevelPrototype
[UnityMemory] Configuration Parameters - Can be set up in boot.config
    "memorysetup-bucket-allocator-granularity=16"
    "memorysetup-bucket-allocator-bucket-count=8"
    "memorysetup-bucket-allocator-block-size=33554432"
    "memorysetup-bucket-allocator-block-count=8"
    "memorysetup-main-allocator-block-size=16777216"
    "memorysetup-thread-allocator-block-size=16777216"
    "memorysetup-gfx-main-allocator-block-size=16777216"
    "memorysetup-gfx-thread-allocator-block-size=16777216"
    "memorysetup-cache-allocator-block-size=4194304"
    "memorysetup-typetree-allocator-block-size=2097152"
    "memorysetup-profiler-bucket-allocator-granularity=16"
    "memorysetup-profiler-bucket-allocator-bucket-count=8"
    "memorysetup-profiler-bucket-allocator-block-size=33554432"
    "memorysetup-profiler-bucket-allocator-block-count=8"
    "memorysetup-profiler-allocator-block-size=16777216"
    "memorysetup-profiler-editor-allocator-block-size=1048576"
    "memorysetup-temp-allocator-size-main=16777216"
    "memorysetup-job-temp-allocator-block-size=2097152"
    "memorysetup-job-temp-allocator-block-size-background=1048576"
    "memorysetup-job-temp-allocator-reduction-small-platforms=262144"
    "memorysetup-temp-allocator-size-background-worker=32768"
    "memorysetup-temp-allocator-size-job-worker=262144"
    "memorysetup-temp-allocator-size-preload-manager=33554432"
    "memorysetup-temp-allocator-size-nav-mesh-worker=65536"
    "memorysetup-temp-allocator-size-audio-worker=65536"
    "memorysetup-temp-allocator-size-cloud-worker=32768"
    "memorysetup-temp-allocator-size-gi-baking-worker=262144"
    "memorysetup-temp-allocator-size-gfx=262144"
Player connection [27364] Host "[IP] 192.168.0.123 [Port] 0 [Flags] 2 [Guid] 18479204 [EditorId] 18479204 [Version] 1048832 [Id] WindowsEditor(7,FlippsTUF) [Debug] 1 [PackageName] WindowsEditor [ProjectName] Editor" joined multi-casting on [225.0.0.222:54997]...

Player connection [27364] Host "[IP] 192.168.0.123 [Port] 0 [Flags] 2 [Guid] 18479204 [EditorId] 18479204 [Version] 1048832 [Id] WindowsEditor(7,FlippsTUF) [Debug] 1 [PackageName] WindowsEditor [ProjectName] Editor" joined alternative multi-casting on [225.0.0.222:34997]...

Refreshing native plugins compatible for Editor in 75.70 ms, found 3 plugins.
Preloading 0 native plugins for Editor in 0.00 ms.
Initialize engine version: 2021.3.29f1 (204d6dc9ae1c)
[Subsystems] Discovering subsystems at path C:/Program Files/Unity/Hub/Editor/2021.3.29f1/Editor/Data/Resources/UnitySubsystems
[Subsystems] Discovering subsystems at path C:/Users/JUAN FELIPE/Desktop/CursoVR4/Clase1Prog/Prototipo/LevelPrototype/Assets
GfxDevice: creating device client; threaded=0; jobified=0
Direct3D:
    Version:  Direct3D 11.0 [level 11.1]
    Renderer: NVIDIA GeForce RTX 3050 Ti Laptop GPU (ID=0x25a0)
    Vendor:   NVIDIA
    VRAM:     3976 MB
    Driver:   31.0.15.3640
Initialize mono
Mono path[0] = 'C:/Program Files/Unity/Hub/Editor/2021.3.29f1/Editor/Data/Managed'
Mono path[1] = 'C:/Program Files/Unity/Hub/Editor/2021.3.29f1/Editor/Data/MonoBleedingEdge/lib/mono/unityjit-win32'
Mono config path = 'C:/Program Files/Unity/Hub/Editor/2021.3.29f1/Editor/Data/MonoBleedingEdge/etc'
Using monoOptions --debugger-agent=transport=dt_socket,embedding=1,server=y,suspend=n,address=127.0.0.1:56144
Begin MonoManager ReloadAssembly
Registering precompiled unity dll's ...
Register platform support module: C:/Program Files/Unity/Hub/Editor/2021.3.29f1/Editor/Data/PlaybackEngines/AndroidPlayer/UnityEditor.Android.Extensions.dll
Register platform support module: C:/Program Files/Unity/Hub/Editor/2021.3.29f1/Editor/Data/PlaybackEngines/WindowsStandaloneSupport/UnityEditor.WindowsStandalone.Extensions.dll
Registered in 0.009414 seconds.
Native extension for WindowsStandalone target not found
Native extension for Android target not found
Android Extension - Scanning For ADB Devices 307 ms
Refreshing native plugins compatible for Editor in 56.85 ms, found 3 plugins.
Preloading 0 native plugins for Editor in 0.00 ms.
Mono: successfully reloaded assembly
- Completed reload, in  0.936 seconds
Domain Reload Profiling:
	ReloadAssembly (937ms)
		BeginReloadAssembly (114ms)
			ExecutionOrderSort (0ms)
			DisableScriptedObjects (0ms)
			BackupInstance (0ms)
			ReleaseScriptingObjects (0ms)
			CreateAndSetChildDomain (1ms)
		EndReloadAssembly (730ms)
			LoadAssemblies (112ms)
			RebuildTransferFunctionScriptingTraits (0ms)
			SetupTypeCache (98ms)
			ReleaseScriptCaches (0ms)
			RebuildScriptCaches (24ms)
			SetupLoadedEditorAssemblies (563ms)
				LogAssemblyErrors (0ms)
				InitializePlatformSupportModulesInManaged (392ms)
				SetLoadedEditorAssemblies (0ms)
				RefreshPlugins (57ms)
				BeforeProcessingInitializeOnLoad (1ms)
				ProcessInitializeOnLoadAttributes (71ms)
				ProcessInitializeOnLoadMethodAttributes (42ms)
				AfterProcessingInitializeOnLoad (0ms)
				EditorAssembliesLoaded (0ms)
			ExecutionOrderSort2 (0ms)
			AwakeInstancesAfterBackupRestoration (0ms)
Platform modules already initialized, skipping
Registering precompiled user dll's ...
Registered in 0.006122 seconds.
Begin MonoManager ReloadAssembly
Symbol file LoadedFromMemory doesn't match image C:\Users\JUAN FELIPE\Desktop\CursoVR4\Clase1Prog\Prototipo\LevelPrototype\Library\PackageCache\com.unity.visualscripting@1.8.0\Editor\VisualScripting.Core\Dependencies\YamlDotNet\Unity.VisualScripting.YamlDotNet.dll
Symbol file LoadedFromMemory doesn't match image C:\Users\JUAN FELIPE\Desktop\CursoVR4\Clase1Prog\Prototipo\LevelPrototype\Library\PackageCache\com.unity.visualscripting@1.8.0\Editor\VisualScripting.Core\Dependencies\DotNetZip\Unity.VisualScripting.IonicZip.dll
Native extension for WindowsStandalone target not found
Native extension for Android target not found
Refreshing native plugins compatible for Editor in 0.53 ms, found 3 plugins.
Preloading 0 native plugins for Editor in 0.00 ms.
Mono: successfully reloaded assembly
- Completed reload, in  1.090 seconds
Domain Reload Profiling:
	ReloadAssembly (1091ms)
		BeginReloadAssembly (127ms)
			ExecutionOrderSort (0ms)
			DisableScriptedObjects (5ms)
			BackupInstance (0ms)
			ReleaseScriptingObjects (0ms)
			CreateAndSetChildDomain (20ms)
		EndReloadAssembly (866ms)
			LoadAssemblies (144ms)
			RebuildTransferFunctionScriptingTraits (0ms)
			SetupTypeCache (287ms)
			ReleaseScriptCaches (1ms)
			RebuildScriptCaches (58ms)
			SetupLoadedEditorAssemblies (352ms)
				LogAssemblyErrors (0ms)
				InitializePlatformSupportModulesInManaged (26ms)
				SetLoadedEditorAssemblies (0ms)
				RefreshPlugins (1ms)
				BeforeProcessingInitializeOnLoad (75ms)
				ProcessInitializeOnLoadAttributes (225ms)
				ProcessInitializeOnLoadMethodAttributes (20ms)
				AfterProcessingInitializeOnLoad (6ms)
				EditorAssembliesLoaded (0ms)
			ExecutionOrderSort2 (0ms)
			AwakeInstancesAfterBackupRestoration (6ms)
Platform modules already initialized, skipping
========================================================================
Worker process is ready to serve import requests
Launched and connected shader compiler UnityShaderCompiler.exe after 0.05 seconds
Refreshing native plugins compatible for Editor in 0.74 ms, found 3 plugins.
Preloading 0 native plugins for Editor in 0.00 ms.
Unloading 3054 Unused Serialized files (Serialized files now loaded: 0)
Unloading 22 unused Assets / (46.4 KB). Loaded Objects now: 3519.
Memory consumption went from 112.2 MB to 112.2 MB.
Total: 2.937100 ms (FindLiveObjects: 0.319400 ms CreateObjectMapping: 0.091500 ms MarkObjects: 2.433500 ms  DeleteObjects: 0.091000 ms)

AssetImportParameters requested are different than current active one (requested -> active):
  custom:video-decoder-ogg-theora: a1e56fd34408186e4bbccfd4996cb3dc -> 
  custom:container-muxer-webm: aa71ff27fc2769a1b78a27578f13a17b -> 
  custom:container-demuxer-webm: 4f35f7cbe854078d1ac9338744f61a02 -> 
  custom:video-encoder-webm-vp8: eb34c28f22e8b96e1ab97ce403110664 -> 
  custom:video-codec-MediaFoundation-h265: 746d11721c4dcdbdad8f713fa42b33f4 -> 
  custom:CustomObjectIndexerAttribute: bc11b3a6c3213fcdd17b65e7da85e133 -> 
  custom:audio-encoder-webm-vorbis: bf7c407c2cedff20999df2af8eb42d56 -> 
  custom:framework-win-MediaFoundation: 216162199b28c13a410421893ffa2e32 -> 
  custom:container-demuxer-ogg: 62fdf1f143b41e24485cea50d1cbac27 -> 
  custom:video-decoder-webm-vp8: 9c59270c3fd7afecdb556c50c9e8de78 -> 
  custom:audio-decoder-ogg-vorbis: bf7c407c2cedff20999df2af8eb42d56 -> 
========================================================================
Received Import Request.
  Time since last request: 1224914.369128 seconds.
  path: Assets/Scripts
  artifactKey: Guid(428abb37a24f05641925cbd6a4f4414e) Importer(815301076,1909f56bfc062723c751e8b465ee728b)
Start importing Assets/Scripts using Guid(428abb37a24f05641925cbd6a4f4414e) Importer(815301076,1909f56bfc062723c751e8b465ee728b)  -> (artifact id: 'aaf420ae1afd93eb51a57d57d26f4bc7') in 0.009346 seconds 
========================================================================
Received Prepare
Registering precompiled user dll's ...
Registered in 0.004863 seconds.
Begin MonoManager ReloadAssembly
Symbol file LoadedFromMemory doesn't match image C:\Users\JUAN FELIPE\Desktop\CursoVR4\Clase1Prog\Prototipo\LevelPrototype\Library\PackageCache\com.unity.visualscripting@1.8.0\Editor\VisualScripting.Core\Dependencies\YamlDotNet\Unity.VisualScripting.YamlDotNet.dll
Symbol file LoadedFromMemory doesn't match image C:\Users\JUAN FELIPE\Desktop\CursoVR4\Clase1Prog\Prototipo\LevelPrototype\Library\PackageCache\com.unity.visualscripting@1.8.0\Editor\VisualScripting.Core\Dependencies\DotNetZip\Unity.VisualScripting.IonicZip.dll
Native extension for WindowsStandalone target not found
Native extension for Android target not found
Refreshing native plugins compatible for Editor in 1.19 ms, found 3 plugins.
Preloading 0 native plugins for Editor in 0.00 ms.
Mono: successfully reloaded assembly
- Completed reload, in  1.519 seconds
Domain Reload Profiling:
	ReloadAssembly (1520ms)
		BeginReloadAssembly (167ms)
			ExecutionOrderSort (0ms)
			DisableScriptedObjects (5ms)
			BackupInstance (0ms)
			ReleaseScriptingObjects (0ms)
			CreateAndSetChildDomain (45ms)
		EndReloadAssembly (1241ms)
			LoadAssemblies (120ms)
			RebuildTransferFunctionScriptingTraits (0ms)
			SetupTypeCache (400ms)
			ReleaseScriptCaches (2ms)
			RebuildScriptCaches (71ms)
			SetupLoadedEditorAssemblies (562ms)
				LogAssemblyErrors (0ms)
				InitializePlatformSupportModulesInManaged (71ms)
				SetLoadedEditorAssemblies (4ms)
				RefreshPlugins (2ms)
				BeforeProcessingInitializeOnLoad (107ms)
				ProcessInitializeOnLoadAttributes (345ms)
				ProcessInitializeOnLoadMethodAttributes (25ms)
				AfterProcessingInitializeOnLoad (9ms)
				EditorAssembliesLoaded (0ms)
			ExecutionOrderSort2 (0ms)
			AwakeInstancesAfterBackupRestoration (7ms)
Platform modules already initialized, skipping
Refreshing native plugins compatible for Editor in 2.50 ms, found 3 plugins.
Preloading 0 native plugins for Editor in 0.00 ms.
Unloading 3046 Unused Serialized files (Serialized files now loaded: 0)
Unloading 15 unused Assets / (22.0 KB). Loaded Objects now: 3522.
Memory consumption went from 111.6 MB to 111.6 MB.
Total: 4.185800 ms (FindLiveObjects: 0.396000 ms CreateObjectMapping: 0.227000 ms MarkObjects: 3.463300 ms  DeleteObjects: 0.095700 ms)

AssetImportParameters requested are different than current active one (requested -> active):
  custom:video-decoder-ogg-theora: a1e56fd34408186e4bbccfd4996cb3dc -> 
  custom:container-muxer-webm: aa71ff27fc2769a1b78a27578f13a17b -> 
  custom:container-demuxer-webm: 4f35f7cbe854078d1ac9338744f61a02 -> 
  custom:video-encoder-webm-vp8: eb34c28f22e8b96e1ab97ce403110664 -> 
  custom:video-codec-MediaFoundation-h265: 746d11721c4dcdbdad8f713fa42b33f4 -> 
  custom:CustomObjectIndexerAttribute: bc11b3a6c3213fcdd17b65e7da85e133 -> 
  custom:audio-encoder-webm-vorbis: bf7c407c2cedff20999df2af8eb42d56 -> 
  custom:framework-win-MediaFoundation: 216162199b28c13a410421893ffa2e32 -> 
  custom:container-demuxer-ogg: 62fdf1f143b41e24485cea50d1cbac27 -> 
  custom:video-decoder-webm-vp8: 9c59270c3fd7afecdb556c50c9e8de78 -> 
  custom:audio-decoder-ogg-vorbis: bf7c407c2cedff20999df2af8eb42d56 -> 
========================================================================
Received Prepare
Registering precompiled user dll's ...
Registered in 0.006664 seconds.
Begin MonoManager ReloadAssembly
Symbol file LoadedFromMemory doesn't match image C:\Users\JUAN FELIPE\Desktop\CursoVR4\Clase1Prog\Prototipo\LevelPrototype\Library\PackageCache\com.unity.visualscripting@1.8.0\Editor\VisualScripting.Core\Dependencies\YamlDotNet\Unity.VisualScripting.YamlDotNet.dll
Symbol file LoadedFromMemory doesn't match image C:\Users\JUAN FELIPE\Desktop\CursoVR4\Clase1Prog\Prototipo\LevelPrototype\Library\PackageCache\com.unity.visualscripting@1.8.0\Editor\VisualScripting.Core\Dependencies\DotNetZip\Unity.VisualScripting.IonicZip.dll
Native extension for WindowsStandalone target not found
Native extension for Android target not found
Refreshing native plugins compatible for Editor in 1.00 ms, found 3 plugins.
Preloading 0 native plugins for Editor in 0.00 ms.
Mono: successfully reloaded assembly
- Completed reload, in  1.252 seconds
Domain Reload Profiling:
	ReloadAssembly (1253ms)
		BeginReloadAssembly (177ms)
			ExecutionOrderSort (0ms)
			DisableScriptedObjects (6ms)
			BackupInstance (0ms)
			ReleaseScriptingObjects (0ms)
			CreateAndSetChildDomain (57ms)
		EndReloadAssembly (967ms)
			LoadAssemblies (118ms)
			RebuildTransferFunctionScriptingTraits (0ms)
			SetupTypeCache (363ms)
			ReleaseScriptCaches (2ms)
			RebuildScriptCaches (54ms)
			SetupLoadedEditorAssemblies (383ms)
				LogAssemblyErrors (0ms)
				InitializePlatformSupportModulesInManaged (35ms)
				SetLoadedEditorAssemblies (1ms)
				RefreshPlugins (1ms)
				BeforeProcessingInitializeOnLoad (73ms)
				ProcessInitializeOnLoadAttributes (242ms)
				ProcessInitializeOnLoadMethodAttributes (24ms)
				AfterProcessingInitializeOnLoad (7ms)
				EditorAssembliesLoaded (0ms)
			ExecutionOrderSort2 (0ms)
			AwakeInstancesAfterBackupRestoration (7ms)
Platform modules already initialized, skipping
Refreshing native plugins compatible for Editor in 3.19 ms, found 3 plugins.
Preloading 0 native plugins for Editor in 0.00 ms.
Unloading 3046 Unused Serialized files (Serialized files now loaded: 0)
Unloading 15 unused Assets / (21.9 KB). Loaded Objects now: 3525.
Memory consumption went from 111.6 MB to 111.6 MB.
Total: 4.696000 ms (FindLiveObjects: 0.303200 ms CreateObjectMapping: 0.185800 ms MarkObjects: 4.133300 ms  DeleteObjects: 0.071400 ms)

AssetImportParameters requested are different than current active one (requested -> active):
  custom:video-decoder-ogg-theora: a1e56fd34408186e4bbccfd4996cb3dc -> 
  custom:container-muxer-webm: aa71ff27fc2769a1b78a27578f13a17b -> 
  custom:container-demuxer-webm: 4f35f7cbe854078d1ac9338744f61a02 -> 
  custom:video-encoder-webm-vp8: eb34c28f22e8b96e1ab97ce403110664 -> 
  custom:video-codec-MediaFoundation-h265: 746d11721c4dcdbdad8f713fa42b33f4 -> 
  custom:CustomObjectIndexerAttribute: bc11b3a6c3213fcdd17b65e7da85e133 -> 
  custom:audio-encoder-webm-vorbis: bf7c407c2cedff20999df2af8eb42d56 -> 
  custom:framework-win-MediaFoundation: 216162199b28c13a410421893ffa2e32 -> 
  custom:container-demuxer-ogg: 62fdf1f143b41e24485cea50d1cbac27 -> 
  custom:video-decoder-webm-vp8: 9c59270c3fd7afecdb556c50c9e8de78 -> 
  custom:audio-decoder-ogg-vorbis: bf7c407c2cedff20999df2af8eb42d56 -> 
========================================================================
Received Prepare
Registering precompiled user dll's ...
Registered in 0.006241 seconds.
Begin MonoManager ReloadAssembly
Symbol file LoadedFromMemory doesn't match image C:\Users\JUAN FELIPE\Desktop\CursoVR4\Clase1Prog\Prototipo\LevelPrototype\Library\PackageCache\com.unity.visualscripting@1.8.0\Editor\VisualScripting.Core\Dependencies\YamlDotNet\Unity.VisualScripting.YamlDotNet.dll
Symbol file LoadedFromMemory doesn't match image C:\Users\JUAN FELIPE\Desktop\CursoVR4\Clase1Prog\Prototipo\LevelPrototype\Library\PackageCache\com.unity.visualscripting@1.8.0\Editor\VisualScripting.Core\Dependencies\DotNetZip\Unity.VisualScripting.IonicZip.dll
Native extension for WindowsStandalone target not found
Native extension for Android target not found
Refreshing native plugins compatible for Editor in 0.69 ms, found 3 plugins.
Preloading 0 native plugins for Editor in 0.00 ms.
Mono: successfully reloaded assembly
- Completed reload, in  1.049 seconds
Domain Reload Profiling:
	ReloadAssembly (1050ms)
		BeginReloadAssembly (157ms)
			ExecutionOrderSort (0ms)
			DisableScriptedObjects (4ms)
			BackupInstance (0ms)
			ReleaseScriptingObjects (0ms)
			CreateAndSetChildDomain (47ms)
		EndReloadAssembly (800ms)
			LoadAssemblies (103ms)
			RebuildTransferFunctionScriptingTraits (0ms)
			SetupTypeCache (260ms)
			ReleaseScriptCaches (4ms)
			RebuildScriptCaches (48ms)
			SetupLoadedEditorAssemblies (344ms)
				LogAssemblyErrors (0ms)
				InitializePlatformSupportModulesInManaged (25ms)
				SetLoadedEditorAssemblies (0ms)
				RefreshPlugins (1ms)
				BeforeProcessingInitializeOnLoad (71ms)
				ProcessInitializeOnLoadAttributes (217ms)
				ProcessInitializeOnLoadMethodAttributes (21ms)
				AfterProcessingInitializeOnLoad (9ms)
				EditorAssembliesLoaded (0ms)
			ExecutionOrderSort2 (0ms)
			AwakeInstancesAfterBackupRestoration (7ms)
Platform modules already initialized, skipping
Refreshing native plugins compatible for Editor in 2.72 ms, found 3 plugins.
Preloading 0 native plugins for Editor in 0.00 ms.
Unloading 3046 Unused Serialized files (Serialized files now loaded: 0)
Unloading 15 unused Assets / (22.0 KB). Loaded Objects now: 3528.
Memory consumption went from 111.6 MB to 111.6 MB.
Total: 5.812900 ms (FindLiveObjects: 0.382600 ms CreateObjectMapping: 0.080700 ms MarkObjects: 5.093100 ms  DeleteObjects: 0.252800 ms)

AssetImportParameters requested are different than current active one (requested -> active):
  custom:video-decoder-ogg-theora: a1e56fd34408186e4bbccfd4996cb3dc -> 
  custom:container-muxer-webm: aa71ff27fc2769a1b78a27578f13a17b -> 
  custom:container-demuxer-webm: 4f35f7cbe854078d1ac9338744f61a02 -> 
  custom:video-encoder-webm-vp8: eb34c28f22e8b96e1ab97ce403110664 -> 
  custom:video-codec-MediaFoundation-h265: 746d11721c4dcdbdad8f713fa42b33f4 -> 
  custom:CustomObjectIndexerAttribute: bc11b3a6c3213fcdd17b65e7da85e133 -> 
  custom:audio-encoder-webm-vorbis: bf7c407c2cedff20999df2af8eb42d56 -> 
  custom:framework-win-MediaFoundation: 216162199b28c13a410421893ffa2e32 -> 
  custom:container-demuxer-ogg: 62fdf1f143b41e24485cea50d1cbac27 -> 
  custom:video-decoder-webm-vp8: 9c59270c3fd7afecdb556c50c9e8de78 -> 
  custom:audio-decoder-ogg-vorbis: bf7c407c2cedff20999df2af8eb42d56 -> 
========================================================================
Received Prepare
Registering precompiled user dll's ...
Registered in 0.015973 seconds.
Begin MonoManager ReloadAssembly
Symbol file LoadedFromMemory doesn't match image C:\Users\JUAN FELIPE\Desktop\CursoVR4\Clase1Prog\Prototipo\LevelPrototype\Library\PackageCache\com.unity.visualscripting@1.8.0\Editor\VisualScripting.Core\Dependencies\YamlDotNet\Unity.VisualScripting.YamlDotNet.dll
Symbol file LoadedFromMemory doesn't match image C:\Users\JUAN FELIPE\Desktop\CursoVR4\Clase1Prog\Prototipo\LevelPrototype\Library\PackageCache\com.unity.visualscripting@1.8.0\Editor\VisualScripting.Core\Dependencies\DotNetZip\Unity.VisualScripting.IonicZip.dll
Native extension for WindowsStandalone target not found
Native extension for Android target not found
Refreshing native plugins compatible for Editor in 0.91 ms, found 3 plugins.
Preloading 0 native plugins for Editor in 0.00 ms.
Mono: successfully reloaded assembly
- Completed reload, in  1.032 seconds
Domain Reload Profiling:
	ReloadAssembly (1032ms)
		BeginReloadAssembly (165ms)
			ExecutionOrderSort (0ms)
			DisableScriptedObjects (6ms)
			BackupInstance (0ms)
			ReleaseScriptingObjects (0ms)
			CreateAndSetChildDomain (47ms)
		EndReloadAssembly (774ms)
			LoadAssemblies (121ms)
			RebuildTransferFunctionScriptingTraits (0ms)
			SetupTypeCache (279ms)
			ReleaseScriptCaches (2ms)
			RebuildScriptCaches (36ms)
			SetupLoadedEditorAssemblies (295ms)
				LogAssemblyErrors (0ms)
				InitializePlatformSupportModulesInManaged (21ms)
				SetLoadedEditorAssemblies (1ms)
				RefreshPlugins (1ms)
				BeforeProcessingInitializeOnLoad (60ms)
				ProcessInitializeOnLoadAttributes (190ms)
				ProcessInitializeOnLoadMethodAttributes (16ms)
				AfterProcessingInitializeOnLoad (6ms)
				EditorAssembliesLoaded (0ms)
			ExecutionOrderSort2 (0ms)
			AwakeInstancesAfterBackupRestoration (7ms)
Platform modules already initialized, skipping
Refreshing native plugins compatible for Editor in 2.06 ms, found 3 plugins.
Preloading 0 native plugins for Editor in 0.00 ms.
Unloading 3422 Unused Serialized files (Serialized files now loaded: 0)
Unloading 35 unused Assets / (2.0 MB). Loaded Objects now: 3888.
Memory consumption went from 126.8 MB to 124.8 MB.
Total: 10.101400 ms (FindLiveObjects: 0.823200 ms CreateObjectMapping: 0.582600 ms MarkObjects: 4.393800 ms  DeleteObjects: 4.299200 ms)

AssetImportParameters requested are different than current active one (requested -> active):
  custom:video-decoder-ogg-theora: a1e56fd34408186e4bbccfd4996cb3dc -> 
  custom:container-muxer-webm: aa71ff27fc2769a1b78a27578f13a17b -> 
  custom:container-demuxer-webm: 4f35f7cbe854078d1ac9338744f61a02 -> 
  custom:video-encoder-webm-vp8: eb34c28f22e8b96e1ab97ce403110664 -> 
  custom:video-codec-MediaFoundation-h265: 746d11721c4dcdbdad8f713fa42b33f4 -> 
  custom:CustomObjectIndexerAttribute: bc11b3a6c3213fcdd17b65e7da85e133 -> 
  custom:audio-encoder-webm-vorbis: bf7c407c2cedff20999df2af8eb42d56 -> 
  custom:framework-win-MediaFoundation: 216162199b28c13a410421893ffa2e32 -> 
  custom:container-demuxer-ogg: 62fdf1f143b41e24485cea50d1cbac27 -> 
  custom:video-decoder-webm-vp8: 9c59270c3fd7afecdb556c50c9e8de78 -> 
  custom:audio-decoder-ogg-vorbis: bf7c407c2cedff20999df2af8eb42d56 -> 
========================================================================
Received Prepare
Registering precompiled user dll's ...
Registered in 0.018176 seconds.
Begin MonoManager ReloadAssembly
Symbol file LoadedFromMemory doesn't match image C:\Users\JUAN FELIPE\Desktop\CursoVR4\Clase1Prog\Prototipo\LevelPrototype\Library\PackageCache\com.unity.visualscripting@1.8.0\Editor\VisualScripting.Core\Dependencies\YamlDotNet\Unity.VisualScripting.YamlDotNet.dll
Symbol file LoadedFromMemory doesn't match image C:\Users\JUAN FELIPE\Desktop\CursoVR4\Clase1Prog\Prototipo\LevelPrototype\Library\PackageCache\com.unity.visualscripting@1.8.0\Editor\VisualScripting.Core\Dependencies\DotNetZip\Unity.VisualScripting.IonicZip.dll
Native extension for WindowsStandalone target not found
Native extension for Android target not found
Refreshing native plugins compatible for Editor in 142.79 ms, found 3 plugins.
Preloading 0 native plugins for Editor in 0.00 ms.
Mono: successfully reloaded assembly
- Completed reload, in  3.124 seconds
Domain Reload Profiling:
	ReloadAssembly (3129ms)
		BeginReloadAssembly (240ms)
			ExecutionOrderSort (0ms)
			DisableScriptedObjects (7ms)
			BackupInstance (0ms)
			ReleaseScriptingObjects (0ms)
			CreateAndSetChildDomain (53ms)
		EndReloadAssembly (2757ms)
			LoadAssemblies (321ms)
			RebuildTransferFunctionScriptingTraits (0ms)
			SetupTypeCache (784ms)
			ReleaseScriptCaches (5ms)
			RebuildScriptCaches (203ms)
			SetupLoadedEditorAssemblies (1196ms)
				LogAssemblyErrors (0ms)
				InitializePlatformSupportModulesInManaged (72ms)
				SetLoadedEditorAssemblies (0ms)
				RefreshPlugins (143ms)
				BeforeProcessingInitializeOnLoad (127ms)
				ProcessInitializeOnLoadAttributes (715ms)
				ProcessInitializeOnLoadMethodAttributes (99ms)
				AfterProcessingInitializeOnLoad (39ms)
				EditorAssembliesLoaded (0ms)
			ExecutionOrderSort2 (0ms)
			AwakeInstancesAfterBackupRestoration (23ms)
Platform modules already initialized, skipping
Refreshing native plugins compatible for Editor in 6.40 ms, found 3 plugins.
Preloading 0 native plugins for Editor in 0.00 ms.
Unloading 3609 Unused Serialized files (Serialized files now loaded: 0)
Unloading 83 unused Assets / (5.8 MB). Loaded Objects now: 4041.
Memory consumption went from 139.8 MB to 134.1 MB.
Total: 7.724800 ms (FindLiveObjects: 0.385600 ms CreateObjectMapping: 0.186100 ms MarkObjects: 3.733700 ms  DeleteObjects: 3.416900 ms)

AssetImportParameters requested are different than current active one (requested -> active):
  custom:video-decoder-ogg-theora: a1e56fd34408186e4bbccfd4996cb3dc -> 
  custom:container-muxer-webm: aa71ff27fc2769a1b78a27578f13a17b -> 
  custom:container-demuxer-webm: 4f35f7cbe854078d1ac9338744f61a02 -> 
  custom:video-encoder-webm-vp8: eb34c28f22e8b96e1ab97ce403110664 -> 
  custom:video-codec-MediaFoundation-h265: 746d11721c4dcdbdad8f713fa42b33f4 -> 
  custom:CustomObjectIndexerAttribute: bc11b3a6c3213fcdd17b65e7da85e133 -> 
  custom:audio-encoder-webm-vorbis: bf7c407c2cedff20999df2af8eb42d56 -> 
  custom:framework-win-MediaFoundation: 216162199b28c13a410421893ffa2e32 -> 
  custom:container-demuxer-ogg: 62fdf1f143b41e24485cea50d1cbac27 -> 
  custom:video-decoder-webm-vp8: 9c59270c3fd7afecdb556c50c9e8de78 -> 
  custom:audio-decoder-ogg-vorbis: bf7c407c2cedff20999df2af8eb42d56 -> 
========================================================================
Received Prepare
Registering precompiled user dll's ...
Registered in 0.005410 seconds.
Begin MonoManager ReloadAssembly
Symbol file LoadedFromMemory doesn't match image C:\Users\JUAN FELIPE\Desktop\CursoVR4\Clase1Prog\Prototipo\LevelPrototype\Library\PackageCache\com.unity.visualscripting@1.8.0\Editor\VisualScripting.Core\Dependencies\YamlDotNet\Unity.VisualScripting.YamlDotNet.dll
Symbol file LoadedFromMemory doesn't match image C:\Users\JUAN FELIPE\Desktop\CursoVR4\Clase1Prog\Prototipo\LevelPrototype\Library\PackageCache\com.unity.visualscripting@1.8.0\Editor\VisualScripting.Core\Dependencies\DotNetZip\Unity.VisualScripting.IonicZip.dll
Native extension for WindowsStandalone target not found
Native extension for Android target not found
Refreshing native plugins compatible for Editor in 0.65 ms, found 3 plugins.
Preloading 0 native plugins for Editor in 0.00 ms.
Mono: successfully reloaded assembly
- Completed reload, in  1.430 seconds
Domain Reload Profiling:
	ReloadAssembly (1432ms)
		BeginReloadAssembly (417ms)
			ExecutionOrderSort (0ms)
			DisableScriptedObjects (7ms)
			BackupInstance (0ms)
			ReleaseScriptingObjects (0ms)
			CreateAndSetChildDomain (157ms)
		EndReloadAssembly (896ms)
			LoadAssemblies (200ms)
			RebuildTransferFunctionScriptingTraits (1ms)
			SetupTypeCache (337ms)
			ReleaseScriptCaches (3ms)
			RebuildScriptCaches (50ms)
			SetupLoadedEditorAssemblies (356ms)
				LogAssemblyErrors (0ms)
				InitializePlatformSupportModulesInManaged (21ms)
				SetLoadedEditorAssemblies (1ms)
				RefreshPlugins (1ms)
				BeforeProcessingInitializeOnLoad (57ms)
				ProcessInitializeOnLoadAttributes (253ms)
				ProcessInitializeOnLoadMethodAttributes (17ms)
				AfterProcessingInitializeOnLoad (6ms)
				EditorAssembliesLoaded (1ms)
			ExecutionOrderSort2 (0ms)
			AwakeInstancesAfterBackupRestoration (7ms)
Platform modules already initialized, skipping
Refreshing native plugins compatible for Editor in 1.72 ms, found 3 plugins.
Preloading 0 native plugins for Editor in 0.00 ms.
Unloading 3612 Unused Serialized files (Serialized files now loaded: 0)
Unloading 84 unused Assets / (5.9 MB). Loaded Objects now: 4048.
Memory consumption went from 140.3 MB to 134.5 MB.
Total: 7.664300 ms (FindLiveObjects: 0.315300 ms CreateObjectMapping: 0.142800 ms MarkObjects: 4.290500 ms  DeleteObjects: 2.912100 ms)

AssetImportParameters requested are different than current active one (requested -> active):
  custom:video-decoder-ogg-theora: a1e56fd34408186e4bbccfd4996cb3dc -> 
  custom:container-muxer-webm: aa71ff27fc2769a1b78a27578f13a17b -> 
  custom:container-demuxer-webm: 4f35f7cbe854078d1ac9338744f61a02 -> 
  custom:video-encoder-webm-vp8: eb34c28f22e8b96e1ab97ce403110664 -> 
  custom:video-codec-MediaFoundation-h265: 746d11721c4dcdbdad8f713fa42b33f4 -> 
  custom:CustomObjectIndexerAttribute: bc11b3a6c3213fcdd17b65e7da85e133 -> 
  custom:audio-encoder-webm-vorbis: bf7c407c2cedff20999df2af8eb42d56 -> 
  custom:framework-win-MediaFoundation: 216162199b28c13a410421893ffa2e32 -> 
  custom:container-demuxer-ogg: 62fdf1f143b41e24485cea50d1cbac27 -> 
  custom:video-decoder-webm-vp8: 9c59270c3fd7afecdb556c50c9e8de78 -> 
  custom:audio-decoder-ogg-vorbis: bf7c407c2cedff20999df2af8eb42d56 -> 
========================================================================
Received Import Request.
  Time since last request: 430.160501 seconds.
  path: Assets/LowPolyWater_Pack/LowPoly Island/island1_design2_c4d.obj
  artifactKey: Guid(6e654008c0c551d41b2f83f329e79d6f) Importer(815301076,1909f56bfc062723c751e8b465ee728b)
Start importing Assets/LowPolyWater_Pack/LowPoly Island/island1_design2_c4d.obj using Guid(6e654008c0c551d41b2f83f329e79d6f) Importer(815301076,1909f56bfc062723c751e8b465ee728b)  -> (artifact id: 'b784f204c6be8b445402978bd9327249') in 0.751352 seconds 
========================================================================
Received Import Request.
  Time since last request: 35.539574 seconds.
  path: Assets/3D Gamekit - Environment Pack/Environment/Rocks/Materials/CliffBig02_Mat.mat
  artifactKey: Guid(bb85f42a6fb68ed4f8156a440dff2b79) Importer(815301076,1909f56bfc062723c751e8b465ee728b)
Start importing Assets/3D Gamekit - Environment Pack/Environment/Rocks/Materials/CliffBig02_Mat.mat using Guid(bb85f42a6fb68ed4f8156a440dff2b79) Importer(815301076,1909f56bfc062723c751e8b465ee728b)  -> (artifact id: 'b5817e7c0d5c04d710dec1b11933e243') in 0.465545 seconds 
========================================================================
Received Import Request.
  Time since last request: 0.000038 seconds.
  path: Assets/3D Gamekit - Environment Pack/Environment/Rocks/Materials/CliffEdge03_Mat.mat
  artifactKey: Guid(30b0f587813f86c44b82c48c7733af87) Importer(815301076,1909f56bfc062723c751e8b465ee728b)
Start importing Assets/3D Gamekit - Environment Pack/Environment/Rocks/Materials/CliffEdge03_Mat.mat using Guid(30b0f587813f86c44b82c48c7733af87) Importer(815301076,1909f56bfc062723c751e8b465ee728b)  -> (artifact id: '939425a0d9fceabe10849ebd40e8f1fe') in 0.076409 seconds 
========================================================================
Received Import Request.
  Time since last request: 0.000029 seconds.
  path: Assets/3D Gamekit - Environment Pack/Environment/Rocks/Materials/RockFloating02_Mat.mat
  artifactKey: Guid(3b01d315743ae97459ca3d3bd461e4be) Importer(815301076,1909f56bfc062723c751e8b465ee728b)
Start importing Assets/3D Gamekit - Environment Pack/Environment/Rocks/Materials/RockFloating02_Mat.mat using Guid(3b01d315743ae97459ca3d3bd461e4be) Importer(815301076,1909f56bfc062723c751e8b465ee728b)  -> (artifact id: '0599faaebde0382eda59a6236b780131') in 0.247094 seconds 
========================================================================
Received Import Request.
  Time since last request: 0.000094 seconds.
  path: Assets/3D Gamekit - Environment Pack/Environment/Vegetation/Medium/Materials/VegetationMedium02_Mat.mat
  artifactKey: Guid(fa0793e3c33682d42ab47e6a5c969be0) Importer(815301076,1909f56bfc062723c751e8b465ee728b)
Start importing Assets/3D Gamekit - Environment Pack/Environment/Vegetation/Medium/Materials/VegetationMedium02_Mat.mat using Guid(fa0793e3c33682d42ab47e6a5c969be0) Importer(815301076,1909f56bfc062723c751e8b465ee728b)  -> (artifact id: 'a673fe2ef89be56dbe6a32ad8a28e1f4') in 0.240401 seconds 
========================================================================
Received Import Request.
  Time since last request: 0.000059 seconds.
  path: Assets/3D Gamekit - Environment Pack/Environment/Vegetation/Small/Materials/VegetationSmall03_02_Mat.mat
  artifactKey: Guid(d956f2ebefac9914a922b5e8a47b41c7) Importer(815301076,1909f56bfc062723c751e8b465ee728b)
Start importing Assets/3D Gamekit - Environment Pack/Environment/Vegetation/Small/Materials/VegetationSmall03_02_Mat.mat using Guid(d956f2ebefac9914a922b5e8a47b41c7) Importer(815301076,1909f56bfc062723c751e8b465ee728b)  -> (artifact id: '1ea8df6860d3f46faf6e9e6cf4037c59') in 0.130076 seconds 
========================================================================
Received Import Request.
  Time since last request: 0.000095 seconds.
  path: Assets/3D Gamekit - Environment Pack/Environment/Vegetation/Misc/Materials/Grass_02_Mat.mat
  artifactKey: Guid(7e0b7e421297cbb4cae0bb0da948f573) Importer(815301076,1909f56bfc062723c751e8b465ee728b)
Start importing Assets/3D Gamekit - Environment Pack/Environment/Vegetation/Misc/Materials/Grass_02_Mat.mat using Guid(7e0b7e421297cbb4cae0bb0da948f573) Importer(815301076,1909f56bfc062723c751e8b465ee728b)  -> (artifact id: 'b111f928cf72db18f61158703bebc741') in 0.481876 seconds 
========================================================================
Received Import Request.
  Time since last request: 0.000147 seconds.
  path: Assets/3D Gamekit - Environment Pack/Environment/Vegetation/Misc/Materials/Hanging_Moss_Mat.mat
  artifactKey: Guid(bedaa9f893bcd4149a465fbcce1ccc55) Importer(815301076,1909f56bfc062723c751e8b465ee728b)
Start importing Assets/3D Gamekit - Environment Pack/Environment/Vegetation/Misc/Materials/Hanging_Moss_Mat.mat using Guid(bedaa9f893bcd4149a465fbcce1ccc55) Importer(815301076,1909f56bfc062723c751e8b465ee728b)  -> (artifact id: 'f1a0f50f1ee314b1773c497251e59b70') in 0.107001 seconds 
========================================================================
Received Import Request.
  Time since last request: 0.000080 seconds.
  path: Assets/3D Gamekit - Environment Pack/Environment/Rocks/Materials/Ridge01_Mat.mat
  artifactKey: Guid(c9fde8d2b739edb458fbb07e275f81d4) Importer(815301076,1909f56bfc062723c751e8b465ee728b)
Start importing Assets/3D Gamekit - Environment Pack/Environment/Rocks/Materials/Ridge01_Mat.mat using Guid(c9fde8d2b739edb458fbb07e275f81d4) Importer(815301076,1909f56bfc062723c751e8b465ee728b)  -> (artifact id: '9210a0918a416db50ce0fd878aa19d3e') in 0.054358 seconds 
========================================================================
Received Import Request.
  Time since last request: 0.000088 seconds.
  path: Assets/3D Gamekit - Environment Pack/Environment/Vegetation/Large/Materials/VegetationLarge04_Mat.mat
  artifactKey: Guid(619565ea3e5275b40b150c832fc06191) Importer(815301076,1909f56bfc062723c751e8b465ee728b)
Start importing Assets/3D Gamekit - Environment Pack/Environment/Vegetation/Large/Materials/VegetationLarge04_Mat.mat using Guid(619565ea3e5275b40b150c832fc06191) Importer(815301076,1909f56bfc062723c751e8b465ee728b)  -> (artifact id: 'fcaf74c04389f985c2921b939243c35f') in 0.052651 seconds 
========================================================================
Received Import Request.
  Time since last request: 0.000037 seconds.
  path: Assets/3D Gamekit - Environment Pack/Environment/Rocks/Materials/RockSwamp01_Mat.mat
  artifactKey: Guid(fe425a2fd02d81a4a8cffb98bd444c5d) Importer(815301076,1909f56bfc062723c751e8b465ee728b)
Start importing Assets/3D Gamekit - Environment Pack/Environment/Rocks/Materials/RockSwamp01_Mat.mat using Guid(fe425a2fd02d81a4a8cffb98bd444c5d) Importer(815301076,1909f56bfc062723c751e8b465ee728b)  -> (artifact id: '0e0a4b28a26b520de89e2afa116e20e2') in 0.049866 seconds 
========================================================================
Received Import Request.
  Time since last request: 0.000053 seconds.
  path: Assets/3D Gamekit - Environment Pack/Environment/Vegetation/Large/Materials/VegetationLarge03_Mat.mat
  artifactKey: Guid(fa36871593e539b49b6b2a691b8237d2) Importer(815301076,1909f56bfc062723c751e8b465ee728b)
Start importing Assets/3D Gamekit - Environment Pack/Environment/Vegetation/Large/Materials/VegetationLarge03_Mat.mat using Guid(fa36871593e539b49b6b2a691b8237d2) Importer(815301076,1909f56bfc062723c751e8b465ee728b)  -> (artifact id: '94ecc4854bcb3e83e0ed27029aed48b8') in 0.048507 seconds 
========================================================================
Received Import Request.
  Time since last request: 0.000051 seconds.
  path: Assets/LowPolyWater_Pack/LowPoly Island/Materials/IslandMat.mat
  artifactKey: Guid(45d08f8aef3838d45806cd4442223977) Importer(815301076,1909f56bfc062723c751e8b465ee728b)
Start importing Assets/LowPolyWater_Pack/LowPoly Island/Materials/IslandMat.mat using Guid(45d08f8aef3838d45806cd4442223977) Importer(815301076,1909f56bfc062723c751e8b465ee728b)  -> (artifact id: '7219036c538f4260a78e4cd1a830d0f0') in 0.037348 seconds 
========================================================================
Received Import Request.
  Time since last request: 0.000063 seconds.
  path: Assets/3D Gamekit - Environment Pack/Environment/Vegetation/Medium/Materials/VegetationMedium03_Mat.mat
  artifactKey: Guid(366d0f093ed88894bbc06ba947fa8d34) Importer(815301076,1909f56bfc062723c751e8b465ee728b)
Start importing Assets/3D Gamekit - Environment Pack/Environment/Vegetation/Medium/Materials/VegetationMedium03_Mat.mat using Guid(366d0f093ed88894bbc06ba947fa8d34) Importer(815301076,1909f56bfc062723c751e8b465ee728b)  -> (artifact id: 'f9ffce7d1ce463e9117b1f3dbc36bc88') in 0.040860 seconds 
========================================================================
Received Import Request.
  Time since last request: 0.000064 seconds.
  path: Assets/3D Gamekit - Environment Pack/Environment/Rocks/Materials/CliffBig03_Mat.mat
  artifactKey: Guid(7abcaabf588cc994d9e779dedd12f1dc) Importer(815301076,1909f56bfc062723c751e8b465ee728b)
Start importing Assets/3D Gamekit - Environment Pack/Environment/Rocks/Materials/CliffBig03_Mat.mat using Guid(7abcaabf588cc994d9e779dedd12f1dc) Importer(815301076,1909f56bfc062723c751e8b465ee728b)  -> (artifact id: '88ce28c49237eff351c270b29fb0b0cb') in 0.064150 seconds 
========================================================================
Received Import Request.
  Time since last request: 0.000046 seconds.
  path: Assets/3D Gamekit - Environment Pack/Environment/Rocks/Materials/RockLedge01_Mat.mat
  artifactKey: Guid(00036c34b5ae386428e7e2e5470124e9) Importer(815301076,1909f56bfc062723c751e8b465ee728b)
Start importing Assets/3D Gamekit - Environment Pack/Environment/Rocks/Materials/RockLedge01_Mat.mat using Guid(00036c34b5ae386428e7e2e5470124e9) Importer(815301076,1909f56bfc062723c751e8b465ee728b)  -> (artifact id: '74c97ca1a7372b865382de0beb481224') in 0.066623 seconds 
========================================================================
Received Import Request.
  Time since last request: 0.000070 seconds.
  path: Assets/3D Gamekit - Environment Pack/Environment/Rocks/Materials/RockLedge02_Mat.mat
  artifactKey: Guid(a997cca723ebe0f49ae9612bde2c80f4) Importer(815301076,1909f56bfc062723c751e8b465ee728b)
Start importing Assets/3D Gamekit - Environment Pack/Environment/Rocks/Materials/RockLedge02_Mat.mat using Guid(a997cca723ebe0f49ae9612bde2c80f4) Importer(815301076,1909f56bfc062723c751e8b465ee728b)  -> (artifact id: 'fcb4a96f409642cb8e6cddc50e7d0fa9') in 0.059322 seconds 
========================================================================
Received Import Request.
  Time since last request: 0.000043 seconds.
  path: Assets/3D Gamekit - Environment Pack/Environment/Vegetation/Small/Materials/VegetationSmall01_Glowing.mat
  artifactKey: Guid(6b50833ee3cb96c459e29fd78fbee948) Importer(815301076,1909f56bfc062723c751e8b465ee728b)
Start importing Assets/3D Gamekit - Environment Pack/Environment/Vegetation/Small/Materials/VegetationSmall01_Glowing.mat using Guid(6b50833ee3cb96c459e29fd78fbee948) Importer(815301076,1909f56bfc062723c751e8b465ee728b)  -> (artifact id: '95805c2ffc34580803dfbb308623ef6e') in 0.032536 seconds 
========================================================================
Received Import Request.
  Time since last request: 0.000061 seconds.
  path: Assets/3D Gamekit - Environment Pack/Environment/Vegetation/Small/Materials/VegetationSmall01_Mat.mat
  artifactKey: Guid(896bbfa91dbcbf042994a7e983a4df10) Importer(815301076,1909f56bfc062723c751e8b465ee728b)
Start importing Assets/3D Gamekit - Environment Pack/Environment/Vegetation/Small/Materials/VegetationSmall01_Mat.mat using Guid(896bbfa91dbcbf042994a7e983a4df10) Importer(815301076,1909f56bfc062723c751e8b465ee728b)  -> (artifact id: '80ca0119a6903727d2f27b8ceb3b902f') in 0.201044 seconds 
========================================================================
Received Import Request.
  Time since last request: 0.000040 seconds.
  path: Assets/3D Gamekit - Environment Pack/Environment/Rocks/Materials/RockFloating03_Mat.mat
  artifactKey: Guid(2a8b76488fd1340459de8f96ea4eb868) Importer(815301076,1909f56bfc062723c751e8b465ee728b)
Start importing Assets/3D Gamekit - Environment Pack/Environment/Rocks/Materials/RockFloating03_Mat.mat using Guid(2a8b76488fd1340459de8f96ea4eb868) Importer(815301076,1909f56bfc062723c751e8b465ee728b)  -> (artifact id: '6c3139e290a6d2e88316d07a42508ba9') in 0.023645 seconds 
========================================================================
Received Import Request.
  Time since last request: 0.000103 seconds.
  path: Assets/3D Gamekit - Environment Pack/Environment/Rocks/Materials/CliffEdge04_Mat.mat
  artifactKey: Guid(dddb14a0dd9e90c4392af5b67f34ca7f) Importer(815301076,1909f56bfc062723c751e8b465ee728b)
Start importing Assets/3D Gamekit - Environment Pack/Environment/Rocks/Materials/CliffEdge04_Mat.mat using Guid(dddb14a0dd9e90c4392af5b67f34ca7f) Importer(815301076,1909f56bfc062723c751e8b465ee728b)  -> (artifact id: 'fc3fcafb9ae199ec3d58fc2e0ec0898c') in 0.150921 seconds 
========================================================================
Received Import Request.
  Time since last request: 0.000023 seconds.
  path: Assets/3D Gamekit - Environment Pack/Environment/Vegetation/Small/Materials/VegetationSmall02_Mat.mat
  artifactKey: Guid(644c4d990d0ad604db9961f895c8b9f9) Importer(815301076,1909f56bfc062723c751e8b465ee728b)
Start importing Assets/3D Gamekit - Environment Pack/Environment/Vegetation/Small/Materials/VegetationSmall02_Mat.mat using Guid(644c4d990d0ad604db9961f895c8b9f9) Importer(815301076,1909f56bfc062723c751e8b465ee728b)  -> (artifact id: '39a0045381823ed86dcb06facd0ce952') in 0.211010 seconds 
========================================================================
Received Import Request.
  Time since last request: 0.000046 seconds.
  path: Assets/3D Gamekit - Environment Pack/Environment/Vegetation/Misc/Materials/Ground_Cover_Mat.mat
  artifactKey: Guid(348479891f8fb7541a5bcff4186dcfb0) Importer(815301076,1909f56bfc062723c751e8b465ee728b)
Start importing Assets/3D Gamekit - Environment Pack/Environment/Vegetation/Misc/Materials/Ground_Cover_Mat.mat using Guid(348479891f8fb7541a5bcff4186dcfb0) Importer(815301076,1909f56bfc062723c751e8b465ee728b)  -> (artifact id: 'f09d85fc03a5a1e6c333bb631a5e2126') in 0.536098 seconds 
========================================================================
Received Import Request.
  Time since last request: 0.000034 seconds.
  path: Assets/LowPolyWater_Pack/LowPoly Island/Materials/defaultMat.mat
  artifactKey: Guid(ad30ba16743ea3a4995e9b4bea4b3fc5) Importer(815301076,1909f56bfc062723c751e8b465ee728b)
Start importing Assets/LowPolyWater_Pack/LowPoly Island/Materials/defaultMat.mat using Guid(ad30ba16743ea3a4995e9b4bea4b3fc5) Importer(815301076,1909f56bfc062723c751e8b465ee728b)  -> (artifact id: 'efedaa550b25268373db0e53cb082b3e') in 0.070101 seconds 
========================================================================
Received Import Request.
  Time since last request: 0.000024 seconds.
  path: Assets/3D Gamekit - Environment Pack/Environment/Vegetation/Large/Materials/VegetationLarge06_Mat.mat
  artifactKey: Guid(5fac63113818f62469196bbb4d59cf7f) Importer(815301076,1909f56bfc062723c751e8b465ee728b)
Start importing Assets/3D Gamekit - Environment Pack/Environment/Vegetation/Large/Materials/VegetationLarge06_Mat.mat using Guid(5fac63113818f62469196bbb4d59cf7f) Importer(815301076,1909f56bfc062723c751e8b465ee728b)  -> (artifact id: 'feefd02429622c8b42c4372c9d196b81') in 0.113717 seconds 
========================================================================
Received Import Request.
  Time since last request: 0.000062 seconds.
  path: Assets/3D Gamekit - Environment Pack/Environment/Rocks/Materials/RockFloating04_Mat.mat
  artifactKey: Guid(3ef81e43f26c03a48a716c889d201861) Importer(815301076,1909f56bfc062723c751e8b465ee728b)
Start importing Assets/3D Gamekit - Environment Pack/Environment/Rocks/Materials/RockFloating04_Mat.mat using Guid(3ef81e43f26c03a48a716c889d201861) Importer(815301076,1909f56bfc062723c751e8b465ee728b)  -> (artifact id: '66e7bc0963098d72f2680aafe7897b1d') in 0.032203 seconds 
========================================================================
Received Import Request.
  Time since last request: 0.000067 seconds.
  path: Assets/3D Gamekit - Environment Pack/Environment/Vegetation/Small/Materials/VegetationSmall01_MidGlow.mat
  artifactKey: Guid(d376df56b7d6a0d48b993388bd197827) Importer(815301076,1909f56bfc062723c751e8b465ee728b)
Start importing Assets/3D Gamekit - Environment Pack/Environment/Vegetation/Small/Materials/VegetationSmall01_MidGlow.mat using Guid(d376df56b7d6a0d48b993388bd197827) Importer(815301076,1909f56bfc062723c751e8b465ee728b)  -> (artifact id: 'e5720c67932265dc82cdb74e57ed635a') in 0.200958 seconds 
========================================================================
Received Import Request.
  Time since last request: 0.000043 seconds.
  path: Assets/3D Gamekit - Environment Pack/Environment/Vegetation/Misc/Materials/Fungus_Red_Mat.mat
  artifactKey: Guid(9afac42e3a1d9d04d8cf1945f1cd04bf) Importer(815301076,1909f56bfc062723c751e8b465ee728b)
Start importing Assets/3D Gamekit - Environment Pack/Environment/Vegetation/Misc/Materials/Fungus_Red_Mat.mat using Guid(9afac42e3a1d9d04d8cf1945f1cd04bf) Importer(815301076,1909f56bfc062723c751e8b465ee728b)  -> (artifact id: '8615a55349fd00921d942bfc77070b3d') in 0.057794 seconds 
========================================================================
Received Import Request.
  Time since last request: 0.000043 seconds.
  path: Assets/3D Gamekit - Environment Pack/Environment/Rocks/Materials/RockFloating01_Mat.mat
  artifactKey: Guid(40cfcebf1ef55f74092c951f459bc5c5) Importer(815301076,1909f56bfc062723c751e8b465ee728b)
Start importing Assets/3D Gamekit - Environment Pack/Environment/Rocks/Materials/RockFloating01_Mat.mat using Guid(40cfcebf1ef55f74092c951f459bc5c5) Importer(815301076,1909f56bfc062723c751e8b465ee728b)  -> (artifact id: 'a52c92a828de54ea94f9b6642ddad484') in 0.030191 seconds 
========================================================================
Received Import Request.
  Time since last request: 0.000047 seconds.
  path: Assets/3D Gamekit - Environment Pack/Environment/Vegetation/Misc/Materials/Fungus_Green_Mat.mat
  artifactKey: Guid(818da8cc54db9d04c87f140f62564f6b) Importer(815301076,1909f56bfc062723c751e8b465ee728b)
Start importing Assets/3D Gamekit - Environment Pack/Environment/Vegetation/Misc/Materials/Fungus_Green_Mat.mat using Guid(818da8cc54db9d04c87f140f62564f6b) Importer(815301076,1909f56bfc062723c751e8b465ee728b)  -> (artifact id: '15e7e159396f0306550dca318610f791') in 0.028084 seconds 
========================================================================
Received Import Request.
  Time since last request: 0.000027 seconds.
  path: Assets/3D Gamekit - Environment Pack/Environment/Rocks/Materials/SmallRocks_mat.mat
  artifactKey: Guid(24b3cf5e007db204db421522f1ec1592) Importer(815301076,1909f56bfc062723c751e8b465ee728b)
Start importing Assets/3D Gamekit - Environment Pack/Environment/Rocks/Materials/SmallRocks_mat.mat using Guid(24b3cf5e007db204db421522f1ec1592) Importer(815301076,1909f56bfc062723c751e8b465ee728b)  -> (artifact id: '2ed8baa2e06eee41fd9630d73dc614b4') in 0.191462 seconds 
Editor requested this worker to shutdown with reason: Scaling down because of idle timeout
AssetImportWorker is now disconnected from the server
Process exiting
Exiting without the bug reporter. Application will terminate with return code 0